2017-11-14 22:49:04 UTC+1  INFO hello
2017-11-14 23:24:08 UTC+1  INFO undefined mode
2017-11-14 23:24:36 UTC+1  INFO development mode
2017-11-14 23:25:09 UTC+1  INFO development mode
2017-11-14 23:27:06 UTC+1  INFO development mode
2017-11-14 23:30:08 UTC+1  INFO development mode
2017-11-14 23:31:07 UTC+1  INFO development mode
2017-11-14 23:32:50 UTC+1  INFO development mode
2017-11-15 00:15:37 UTC+1  INFO development mode
2017-11-15 00:16:23 UTC+1  INFO development mode
2017-11-15 00:16:33 UTC+1  INFO development mode
2017-11-15 00:16:33 UTC+1  INFO server listening to port 8080
2017-11-15 00:17:05 UTC+1  INFO development mode
2017-11-15 00:17:06 UTC+1  INFO server listening to port 8080
2017-11-15 00:17:56 UTC+1  INFO development mode
2017-11-15 00:17:56 UTC+1  INFO development mode
2017-11-15 00:17:56 UTC+1  INFO development mode
2017-11-15 00:17:56 UTC+1  INFO development mode
2017-11-15 00:17:56 UTC+1  INFO development mode
2017-11-15 00:17:56 UTC+1  INFO development mode
2017-11-15 00:17:56 UTC+1  INFO development mode
2017-11-15 00:17:56 UTC+1  INFO development mode
2017-11-15 00:17:56 UTC+1  INFO development mode
2017-11-15 00:17:56 UTC+1  INFO development mode
2017-11-15 00:17:57 UTC+1  INFO development mode
2017-11-15 00:17:57 UTC+1  INFO development mode
2017-11-15 00:17:57 UTC+1  INFO development mode
2017-11-15 00:17:57 UTC+1  INFO development mode
2017-11-15 00:17:57 UTC+1  INFO development mode
2017-11-15 00:17:57 UTC+1  INFO development mode
2017-11-15 00:17:57 UTC+1  INFO development mode
2017-11-15 00:17:57 UTC+1  INFO development mode
2017-11-15 00:17:58 UTC+1  INFO development mode
2017-11-15 00:17:58 UTC+1  INFO development mode
2017-11-15 00:17:58 UTC+1  INFO development mode
2017-11-15 00:17:58 UTC+1  INFO development mode
2017-11-15 00:17:58 UTC+1  INFO development mode
2017-11-15 00:17:58 UTC+1  INFO development mode
2017-11-15 00:17:58 UTC+1  INFO development mode
2017-11-15 00:17:58 UTC+1  INFO development mode
2017-11-15 00:17:58 UTC+1  INFO development mode
2017-11-15 00:17:59 UTC+1  INFO development mode
2017-11-15 00:17:59 UTC+1  INFO development mode
2017-11-15 00:17:59 UTC+1  INFO development mode
2017-11-15 00:17:59 UTC+1  INFO development mode
2017-11-15 00:17:59 UTC+1  INFO development mode
2017-11-15 00:18:33 UTC+1  INFO development mode
2017-11-15 00:18:33 UTC+1  INFO server listening to port 8080
2017-11-15 00:19:00 UTC+1  INFO development mode
2017-11-15 00:19:00 UTC+1  INFO server listening to port 8080
2017-11-15 00:19:46 UTC+1  INFO development mode
2017-11-15 00:19:47 UTC+1  INFO server listening to port 8080
2017-11-15 00:25:21 UTC+1  INFO development mode
2017-11-15 00:25:22 UTC+1  INFO server listening to port 8080
2017-11-15 00:26:22 UTC+1  INFO development mode
2017-11-15 00:26:23 UTC+1  INFO server listening to port 8080
2017-11-15 00:28:14 UTC+1  INFO development mode
2017-11-15 00:28:14 UTC+1  INFO server listening to port 8080
2017-11-15 00:29:05 UTC+1  INFO development mode
2017-11-15 00:29:06 UTC+1  INFO server listening to port 8080
2017-11-15 00:29:34 UTC+1  INFO development mode
2017-11-15 00:29:35 UTC+1  INFO server listening to port 8080
2017-11-15 00:32:00 UTC+1  INFO development mode
2017-11-15 00:32:00 UTC+1  INFO server listening to port 8080
2017-11-15 00:32:06 UTC+1  INFO development mode
2017-11-15 00:32:06 UTC+1  INFO server listening to port 8080
2017-11-15 00:32:09 UTC+1  INFO development mode
2017-11-15 00:32:10 UTC+1  INFO server listening to port 8080
2017-11-15 00:35:23 UTC+1  INFO development mode
2017-11-15 00:35:23 UTC+1  INFO server listening to port 8080
2017-11-15 00:35:39 UTC+1  INFO development mode
2017-11-15 00:35:39 UTC+1  INFO server listening to port 8080
2017-11-15 00:35:44 UTC+1  INFO development mode
2017-11-15 00:35:45 UTC+1  INFO server listening to port 8080
2017-11-15 00:35:48 UTC+1  INFO development mode
2017-11-15 00:35:49 UTC+1  INFO server listening to port 8080
2017-11-15 00:36:58 UTC+1  INFO development mode
2017-11-15 00:36:59 UTC+1  INFO server listening to port 8080
2017-11-15 00:37:28 UTC+1  INFO development mode
2017-11-15 00:37:29 UTC+1  INFO server listening to port 8080
2017-11-15 00:38:14 UTC+1  INFO development mode
2017-11-15 00:38:15 UTC+1  INFO server listening to port 8080
2017-11-15 00:51:58 UTC+1  INFO development mode
2017-11-15 00:51:59 UTC+1  INFO server listening to port 8080
2017-11-15 00:53:45 UTC+1  INFO development mode
2017-11-15 00:54:25 UTC+1  INFO development mode
2017-11-15 00:54:26 UTC+1  INFO server listening to port 8080
2017-11-15 00:54:44 UTC+1  INFO development mode
2017-11-15 00:54:44 UTC+1  INFO server listening to port 8080
2017-11-15 00:56:30 UTC+1  INFO development mode
2017-11-15 00:57:14 UTC+1  INFO development mode
2017-11-15 00:57:14 UTC+1  INFO server listening to port 8080
2017-11-15 00:57:19 UTC+1  INFO > bEShYcPsd8FkpPlCAAAA connected
2017-11-15 00:57:19 UTC+1 DEBUG > bEShYcPsd8FkpPlCAAAA [object Object]
2017-11-15 00:58:18 UTC+1  INFO development mode
2017-11-15 00:58:19 UTC+1  INFO server listening to port 8080
2017-11-15 00:58:24 UTC+1  INFO > YWmCzEBo0Yz7JhtWAAAA connected
2017-11-15 00:58:24 UTC+1 DEBUG > YWmCzEBo0Yz7JhtWAAAA {"data":"herro"}
2017-11-15 00:58:36 UTC+1  INFO development mode
2017-11-15 00:58:37 UTC+1  INFO server listening to port 8080
2017-11-15 00:58:42 UTC+1  INFO > _ASOoRAESKEYMPw0AAAA connected
2017-11-15 00:58:42 UTC+1 DEBUG > _ASOoRAESKEYMPw0AAAA {"data":"herro"}
2017-11-15 01:00:07 UTC+1  INFO > _ASOoRAESKEYMPw0AAAA disconnected
2017-11-15 01:00:07 UTC+1  INFO > wAj1qaFBujK3vQNwAAAB connected
2017-11-15 01:00:07 UTC+1 DEBUG > wAj1qaFBujK3vQNwAAAB {"data":"herro"}
2017-11-15 01:00:12 UTC+1  INFO development mode
2017-11-15 01:00:12 UTC+1  INFO server listening to port 8080
2017-11-15 01:00:17 UTC+1  INFO > VTCh4vMen1s6iRKcAAAA connected
2017-11-15 01:00:18 UTC+1 DEBUG > VTCh4vMen1s6iRKcAAAA {"data":"herro"}
2017-11-15 01:01:43 UTC+1  INFO > VTCh4vMen1s6iRKcAAAA disconnected
2017-11-15 01:01:44 UTC+1  INFO > WrHmQTiZte9tK8p8AAAB connected
2017-11-15 01:01:44 UTC+1 DEBUG > WrHmQTiZte9tK8p8AAAB {"data":"herro"}
2017-11-15 01:02:39 UTC+1  INFO development mode
2017-11-15 01:02:39 UTC+1  INFO server listening to port 8080
2017-11-15 01:02:45 UTC+1  INFO development mode
2017-11-15 01:02:45 UTC+1  INFO server listening to port 8080
2017-11-15 01:03:26 UTC+1  INFO development mode
2017-11-15 01:03:26 UTC+1  INFO server listening to port 8080
2017-11-15 01:04:14 UTC+1  INFO development mode
2017-11-15 01:04:15 UTC+1  INFO server listening to port 8080
2017-11-15 01:04:43 UTC+1  INFO development mode
2017-11-15 01:04:44 UTC+1  INFO server listening to port 8080
2017-11-15 01:04:53 UTC+1  INFO development mode
2017-11-15 01:04:53 UTC+1  INFO server listening to port 8080
2017-11-15 01:05:23 UTC+1  INFO development mode
2017-11-15 01:05:24 UTC+1  INFO server listening to port 8080
2017-11-15 01:06:00 UTC+1  INFO development mode
2017-11-15 01:06:00 UTC+1  INFO server listening to port 8080
2017-11-15 01:06:12 UTC+1  INFO development mode
2017-11-15 01:06:12 UTC+1  INFO server listening to port 8080
2017-11-15 01:06:21 UTC+1  INFO > 5OjIBRhMvkb5WggdAAAA connected
2017-11-15 01:06:21 UTC+1 DEBUG > 5OjIBRhMvkb5WggdAAAA {"data":"herro"}
2017-11-15 01:06:53 UTC+1  INFO development mode
2017-11-15 01:06:53 UTC+1  INFO server listening to port 8080
2017-11-15 01:06:54 UTC+1  INFO > EqC4G1sJV88oa_RIAAAA connected
2017-11-15 01:06:59 UTC+1  INFO > 3AHoLsOgya0gAG38AAAB connected
2017-11-15 01:07:00 UTC+1 DEBUG > 3AHoLsOgya0gAG38AAAB {"data":"herro"}
2017-11-15 01:07:03 UTC+1  INFO development mode
2017-11-15 01:07:03 UTC+1  INFO server listening to port 8080
2017-11-15 01:07:08 UTC+1  INFO > Uf7FIvs70XglN8fZAAAA connected
2017-11-15 01:07:08 UTC+1 DEBUG > Uf7FIvs70XglN8fZAAAA {"data":"herro from client"}
2017-11-15 01:07:49 UTC+1  INFO > Uf7FIvs70XglN8fZAAAA disconnected
2017-11-15 01:07:50 UTC+1  INFO > u-qhJukoQyWF2fb_AAAB connected
2017-11-15 01:07:50 UTC+1 DEBUG > u-qhJukoQyWF2fb_AAAB {"data":"herro from client"}
2017-11-15 01:09:10 UTC+1  INFO > u-qhJukoQyWF2fb_AAAB disconnected
2017-11-15 01:09:15 UTC+1  INFO > hQNR59RwNdHXHs1lAAAC connected
2017-11-15 01:09:15 UTC+1 DEBUG > hQNR59RwNdHXHs1lAAAC {"data":"herro from client"}
2017-11-15 01:09:30 UTC+1  INFO development mode
2017-11-15 01:09:30 UTC+1  INFO server listening to port 8080
2017-11-15 01:09:31 UTC+1  INFO > kuHAMEAQKL9QYNjqAAAA connected
2017-11-15 01:09:36 UTC+1  INFO > t4pww5EMPRfBfrJjAAAB connected
2017-11-15 01:09:36 UTC+1 DEBUG > t4pww5EMPRfBfrJjAAAB {"data":"herro from client"}
2017-11-15 01:10:03 UTC+1  INFO > t4pww5EMPRfBfrJjAAAB disconnected
2017-11-15 01:10:03 UTC+1  INFO > 9usd9-4L_eEBGae5AAAC connected
2017-11-15 01:10:04 UTC+1 DEBUG > 9usd9-4L_eEBGae5AAAC {"data":"herro from client"}
2017-11-15 01:10:56 UTC+1  INFO > kuHAMEAQKL9QYNjqAAAA disconnected
2017-11-15 01:13:46 UTC+1  INFO > 9usd9-4L_eEBGae5AAAC disconnected
2017-11-15 01:13:47 UTC+1  INFO > xIJ74eaLm1e3Ez7mAAAD connected
2017-11-15 01:13:47 UTC+1 DEBUG > xIJ74eaLm1e3Ez7mAAAD {"data":"herro from client"}
2017-11-15 01:14:29 UTC+1  INFO development mode
2017-11-15 01:14:30 UTC+1  INFO server listening to port 8080
2017-11-15 01:14:31 UTC+1  INFO > NmUeP1a7mH1eV917AAAA connected
2017-11-15 01:14:36 UTC+1  INFO > TmiH_G2s2CqzELbOAAAB connected
2017-11-15 01:14:36 UTC+1 DEBUG > TmiH_G2s2CqzELbOAAAB {"data":"herro from client"}
2017-11-15 01:14:47 UTC+1  INFO development mode
2017-11-15 01:14:47 UTC+1  INFO server listening to port 8080
2017-11-15 01:14:48 UTC+1  INFO > BUkmDu2AuF9g-Y6wAAAA connected
2017-11-15 01:14:52 UTC+1  INFO > eYyR_CNgSX3X-JGCAAAB connected
2017-11-15 01:14:53 UTC+1 DEBUG > eYyR_CNgSX3X-JGCAAAB {"data":"herro from client"}
2017-11-15 01:14:53 UTC+1 DEBUG < test
2017-11-15 01:16:13 UTC+1  INFO > BUkmDu2AuF9g-Y6wAAAA disconnected
2017-11-15 01:16:24 UTC+1  INFO > eYyR_CNgSX3X-JGCAAAB disconnected
2017-11-15 01:16:25 UTC+1  INFO > 4ZMu3rIPIZOm7QVIAAAC connected
2017-11-15 01:16:25 UTC+1 DEBUG > 4ZMu3rIPIZOm7QVIAAAC {"data":"herro from client"}
2017-11-15 01:16:25 UTC+1 DEBUG < test
2017-11-15 01:16:37 UTC+1  INFO development mode
2017-11-15 01:16:37 UTC+1  INFO server listening to port 8080
2017-11-15 01:16:38 UTC+1  INFO > fm_J39bhQjlclG33AAAA connected
2017-11-15 01:16:42 UTC+1  INFO > M7fJ7nKpwND-Fi0_AAAB connected
2017-11-15 01:16:43 UTC+1  INFO > M7fJ7nKpwND-Fi0_AAAB disconnected
2017-11-15 01:16:44 UTC+1  INFO > 1joNFkOT9O_mxIInAAAC connected
2017-11-15 01:16:44 UTC+1 DEBUG > 1joNFkOT9O_mxIInAAAC {"data":"herro from client"}
2017-11-15 01:16:44 UTC+1 DEBUG < test
2017-11-15 01:16:58 UTC+1  INFO development mode
2017-11-15 01:16:58 UTC+1  INFO server listening to port 8080
2017-11-15 01:17:03 UTC+1  INFO > pNCs1kiry2pT7FWiAAAA connected
2017-11-15 01:17:03 UTC+1 DEBUG > pNCs1kiry2pT7FWiAAAA {"data":"herro from client"}
2017-11-15 01:17:03 UTC+1 DEBUG < test
2017-11-15 01:17:19 UTC+1  INFO development mode
2017-11-15 01:17:19 UTC+1  INFO server listening to port 8080
2017-11-15 01:17:20 UTC+1  INFO > K7XmeNSBoWlg2BmYAAAA connected
2017-11-15 01:17:23 UTC+1  INFO > rGBU53eDHwNLbKuAAAAB connected
2017-11-15 01:17:24 UTC+1 DEBUG > rGBU53eDHwNLbKuAAAAB {"data":"herro from client"}
2017-11-15 01:17:24 UTC+1 DEBUG < test
2017-11-15 01:17:32 UTC+1  INFO development mode
2017-11-15 01:17:32 UTC+1  INFO server listening to port 8080
2017-11-15 01:17:33 UTC+1  INFO > X_Sxu2yedbgI77srAAAA connected
2017-11-15 01:17:37 UTC+1  INFO > sjvqsha5ReUt5Z0BAAAB connected
2017-11-15 01:17:37 UTC+1 DEBUG > sjvqsha5ReUt5Z0BAAAB {"data":"herro from client"}
2017-11-15 01:17:37 UTC+1 DEBUG < test
2017-11-15 01:18:58 UTC+1  INFO > X_Sxu2yedbgI77srAAAA disconnected
2017-11-15 01:23:48 UTC+1  INFO development mode
2017-11-15 01:23:48 UTC+1  INFO server listening to port 8080
2017-11-15 01:23:57 UTC+1  INFO > 64mxJjYrIyxgQe-RAAAA connected
2017-11-15 01:23:57 UTC+1 DEBUG > 64mxJjYrIyxgQe-RAAAA {"data":"herro from client"}
2017-11-15 01:23:57 UTC+1 DEBUG < test
2017-11-15 01:24:19 UTC+1  INFO development mode
2017-11-15 01:24:19 UTC+1  INFO server listening to port 8080
2017-11-15 01:24:20 UTC+1  INFO > -2ZkNO53gylHaR3FAAAA connected
2017-11-15 01:24:27 UTC+1  INFO > diSvki7bBfx0ocZFAAAB connected
2017-11-15 01:24:27 UTC+1 DEBUG > diSvki7bBfx0ocZFAAAB {"data":"herro from client"}
2017-11-15 01:24:27 UTC+1 DEBUG < test
2017-11-15 01:24:34 UTC+1  INFO development mode
2017-11-15 01:24:34 UTC+1  INFO server listening to port 8080
2017-11-15 01:24:43 UTC+1  INFO > 0oHB4YR3coDaoO4DAAAA connected
2017-11-15 01:24:43 UTC+1 DEBUG > 0oHB4YR3coDaoO4DAAAA {"data":"herro from client"}
2017-11-15 01:24:43 UTC+1 DEBUG < test
2017-11-15 01:24:53 UTC+1  INFO > 0oHB4YR3coDaoO4DAAAA disconnected
2017-11-15 01:24:59 UTC+1  INFO > Eb3a3i6KmBWLq0YjAAAB connected
2017-11-15 01:25:00 UTC+1 DEBUG > Eb3a3i6KmBWLq0YjAAAB {"data":"herro from client"}
2017-11-15 01:25:00 UTC+1 DEBUG < test
2017-11-15 01:29:36 UTC+1  INFO development mode
2017-11-15 01:29:36 UTC+1  INFO development mode
2017-11-15 01:29:36 UTC+1  INFO development mode
2017-11-15 01:29:37 UTC+1  INFO server listening to port 8080
2017-11-15 01:29:37 UTC+1  INFO > rDcsvmYxibut9zBZAAAA connected
2017-11-15 01:29:42 UTC+1  INFO > GQdwVduBVyMciNWJAAAB connected
2017-11-15 01:29:42 UTC+1 DEBUG > GQdwVduBVyMciNWJAAAB {"data":"herro from client"}
2017-11-15 01:29:42 UTC+1 DEBUG < test
2017-11-15 01:29:46 UTC+1  INFO > GQdwVduBVyMciNWJAAAB disconnected
2017-11-15 01:29:47 UTC+1  INFO > JI1SRqRcQqX5HO67AAAC connected
2017-11-15 01:29:47 UTC+1 DEBUG > JI1SRqRcQqX5HO67AAAC {"data":"herro from client"}
2017-11-15 01:29:47 UTC+1 DEBUG < test
